<?xml version="1.0" encoding="UTF-8"?>
<testng-results skipped="0" failed="1" ignored="0" total="1" passed="0">
  <reporter-output>
  </reporter-output>
  <suite name="Default suite" duration-ms="5393" started-at="2020-03-16T13:03:00Z" finished-at="2020-03-16T13:03:05Z">
    <groups>
    </groups>
    <test name="Default test" duration-ms="5393" started-at="2020-03-16T13:03:00Z" finished-at="2020-03-16T13:03:05Z">
      <class name="Skybitz_Maintanance_MainScripts.Shift">
        <test-method status="PASS" signature="Open_Browser()[pri:0, instance:Skybitz_Maintanance_MainScripts.Shift@7a30d1e6]" name="Open_Browser" is-config="true" duration-ms="4428" started-at="2020-03-16T13:03:00Z" finished-at="2020-03-16T13:03:04Z">
          <reporter-output>
          </reporter-output>
        </test-method> <!-- Open_Browser -->
        <test-method status="FAIL" signature="Main_Functionalities()[pri:0, instance:Skybitz_Maintanance_MainScripts.Shift@7a30d1e6]" name="Main_Functionalities" duration-ms="6" started-at="2020-03-16T13:03:04Z" finished-at="2020-03-16T13:03:04Z">
          <exception class="java.io.FileNotFoundException">
            <message>
              <![CDATA[E:\SeleniumSmartLynx_QA_NewAutomationFramework_TestData1.xlsx (The system cannot find the file specified)]]>
            </message>
            <full-stacktrace>
              <![CDATA[java.io.FileNotFoundException: E:\SeleniumSmartLynx_QA_NewAutomationFramework_TestData1.xlsx (The system cannot find the file specified)
at java.io.FileInputStream.open0(Native Method)
at java.io.FileInputStream.open(FileInputStream.java:195)
at java.io.FileInputStream.<init>(FileInputStream.java:138)
at java.io.FileInputStream.<init>(FileInputStream.java:93)
at Utility.ExcelUtils.setExcelFile(ExcelUtils.java:33)
at Skybitz_Maintanance_MainScripts.Shift.Main_Functionalities(Shift.java:56)
at sun.reflect.NativeMethodAccessorImpl.invoke0(Native Method)
at sun.reflect.NativeMethodAccessorImpl.invoke(NativeMethodAccessorImpl.java:62)
at sun.reflect.DelegatingMethodAccessorImpl.invoke(DelegatingMethodAccessorImpl.java:43)
at java.lang.reflect.Method.invoke(Method.java:498)
at org.testng.internal.MethodInvocationHelper.invokeMethod(MethodInvocationHelper.java:124)
at org.testng.internal.Invoker.invokeMethod(Invoker.java:583)
at org.testng.internal.Invoker.invokeTestMethod(Invoker.java:719)
at org.testng.internal.Invoker.invokeTestMethods(Invoker.java:989)
at org.testng.internal.TestMethodWorker.invokeTestMethods(TestMethodWorker.java:125)
at org.testng.internal.TestMethodWorker.run(TestMethodWorker.java:109)
at org.testng.TestRunner.privateRun(TestRunner.java:648)
at org.testng.TestRunner.run(TestRunner.java:505)
at org.testng.SuiteRunner.runTest(SuiteRunner.java:455)
at org.testng.SuiteRunner.runSequentially(SuiteRunner.java:450)
at org.testng.SuiteRunner.privateRun(SuiteRunner.java:415)
at org.testng.SuiteRunner.run(SuiteRunner.java:364)
at org.testng.SuiteRunnerWorker.runSuite(SuiteRunnerWorker.java:52)
at org.testng.SuiteRunnerWorker.run(SuiteRunnerWorker.java:84)
at org.testng.TestNG.runSuitesSequentially(TestNG.java:1208)
at org.testng.TestNG.runSuitesLocally(TestNG.java:1137)
at org.testng.TestNG.runSuites(TestNG.java:1049)
at org.testng.TestNG.run(TestNG.java:1017)
at org.testng.remote.AbstractRemoteTestNG.run(AbstractRemoteTestNG.java:114)
at org.testng.remote.RemoteTestNG.initAndRun(RemoteTestNG.java:251)
at org.testng.remote.RemoteTestNG.main(RemoteTestNG.java:77)
]]>
            </full-stacktrace>
          </exception> <!-- java.io.FileNotFoundException -->
          <reporter-output>
          </reporter-output>
        </test-method> <!-- Main_Functionalities -->
        <test-method status="PASS" signature="Quit_Browser()[pri:0, instance:Skybitz_Maintanance_MainScripts.Shift@7a30d1e6]" name="Quit_Browser" is-config="true" duration-ms="939" started-at="2020-03-16T13:03:04Z" finished-at="2020-03-16T13:03:05Z">
          <reporter-output>
          </reporter-output>
        </test-method> <!-- Quit_Browser -->
      </class> <!-- Skybitz_Maintanance_MainScripts.Shift -->
    </test> <!-- Default test -->
  </suite> <!-- Default suite -->
</testng-results>
